CallSample/app/build/intermediates/manifest_merge_blame_file/debug/manifest-merger-blame-debug-report.txt
1<?xml version="1.0" encoding="utf-8"?>
2<manifest xmlns:android="http://schemas.android.com/apk/res/android"
3    xmlns:app="http://schemas.android.com/apk/res-auto"
4    package="com.ca.callsample"
5    android:versionCode="1"
6    android:versionName="1.1" >
7
8    <uses-sdk
9        android:minSdkVersion="16"
9-->src\main\AndroidManifest.xml
10        android:targetSdkVersion="29" />
10-->src\main\AndroidManifest.xml
11
12    <permission
12-->[vox-cpaas:connectsdk:1.4.2.3] AndroidManifest.xml:11:5-13:47
13        android:name="com.ca.callsample.MYPERMISSION"
13-->[vox-cpaas:connectsdk:1.4.2.3] AndroidManifest.xml:12:9-53
14        android:protectionLevel="signature" />
14-->[vox-cpaas:connectsdk:1.4.2.3] AndroidManifest.xml:13:9-44
15
16    <uses-permission android:name="com.ca.callsample.MYPERMISSION" />
16-->[vox-cpaas:connectsdk:1.4.2.3] AndroidManifest.xml:15:5-69
16-->[vox-cpaas:connectsdk:1.4.2.3] AndroidManifest.xml:15:22-66
17    <uses-permission android:name="android.permission.INTERNET" />
17-->[vox-cpaas:connectsdk:1.4.2.3] AndroidManifest.xml:16:5-67
17-->[vox-cpaas:connectsdk:1.4.2.3] AndroidManifest.xml:16:22-64
18    <uses-permission android:name="android.permission.WRITE_EXTERNAL_STORAGE" />
18-->[vox-cpaas:connectsdk:1.4.2.3] AndroidManifest.xml:17:5-81
18-->[vox-cpaas:connectsdk:1.4.2.3] AndroidManifest.xml:17:22-78
19    <uses-permission android:name="android.permission.READ_EXTERNAL_STORAGE" />
19-->[vox-cpaas:connectsdk:1.4.2.3] AndroidManifest.xml:18:5-80
19-->[vox-cpaas:connectsdk:1.4.2.3] AndroidManifest.xml:18:22-77
20    <uses-permission android:name="android.permission.READ_CONTACTS" />
20-->[vox-cpaas:connectsdk:1.4.2.3] AndroidManifest.xml:19:5-72
20-->[vox-cpaas:connectsdk:1.4.2.3] AndroidManifest.xml:19:22-69
21    <uses-permission android:name="android.permission.CHANGE_NETWORK_STATE" />
21-->[vox-cpaas:connectsdk:1.4.2.3] AndroidManifest.xml:20:5-79
21-->[vox-cpaas:connectsdk:1.4.2.3] AndroidManifest.xml:20:22-76
22    <uses-permission android:name="android.permission.ACCESS_NETWORK_STATE" />
22-->[vox-cpaas:connectsdk:1.4.2.3] AndroidManifest.xml:21:5-79
22-->[vox-cpaas:connectsdk:1.4.2.3] AndroidManifest.xml:21:22-76
23    <uses-permission android:name="android.permission.ACCESS_WIFI_STATE" />
23-->[vox-cpaas:connectsdk:1.4.2.3] AndroidManifest.xml:22:5-76
23-->[vox-cpaas:connectsdk:1.4.2.3] AndroidManifest.xml:22:22-73
24    <!--
25    <uses-permission android:name="android.permission.RECEIVE_BOOT_COMPLETED" />
26    <uses-permission android:name="android.permission.READ_CALL_LOG" />
27    -->
28    <uses-permission android:name="android.permission.RECORD_AUDIO" />
28-->[vox-cpaas:connectsdk:1.4.2.3] AndroidManifest.xml:28:5-71
28-->[vox-cpaas:connectsdk:1.4.2.3] AndroidManifest.xml:28:22-68
29    <uses-permission android:name="android.permission.MODIFY_AUDIO_SETTINGS" />
29-->[vox-cpaas:connectsdk:1.4.2.3] AndroidManifest.xml:29:5-80
29-->[vox-cpaas:connectsdk:1.4.2.3] AndroidManifest.xml:29:22-77
30    <uses-permission android:name="android.permission.CAMERA" /> <!-- <uses-permission android:name="android.permission.READ_SMS" /> -->
30-->[vox-cpaas:connectsdk:1.4.2.3] AndroidManifest.xml:30:5-65
30-->[vox-cpaas:connectsdk:1.4.2.3] AndroidManifest.xml:30:22-62
31    <uses-permission android:name="android.permission.WAKE_LOCK" />
31-->[vox-cpaas:connectsdk:1.4.2.3] AndroidManifest.xml:32:5-68
31-->[vox-cpaas:connectsdk:1.4.2.3] AndroidManifest.xml:32:22-65
32    <uses-permission android:name="com.android.alarm.permission.SET_ALARM" />
32-->[vox-cpaas:connectsdk:1.4.2.3] AndroidManifest.xml:33:5-78
32-->[vox-cpaas:connectsdk:1.4.2.3] AndroidManifest.xml:33:22-75
33    <uses-permission android:name="android.permission.BLUETOOTH" />
33-->[vox-cpaas:connectsdk:1.4.2.3] AndroidManifest.xml:34:5-68
33-->[vox-cpaas:connectsdk:1.4.2.3] AndroidManifest.xml:34:22-65
34    <uses-permission android:name="android.permission.BLUETOOTH_ADMIN" />
34-->[vox-cpaas:connectsdk:1.4.2.3] AndroidManifest.xml:35:5-74
34-->[vox-cpaas:connectsdk:1.4.2.3] AndroidManifest.xml:35:22-71
35    <!--
36    <uses-feature android:name="android.hardware.camera" />
37    <uses-feature android:name="android.hardware.camera.autofocus" />
38    -->
39    <uses-permission android:name="android.permission.READ_PHONE_STATE" />
39-->[vox-cpaas:connectsdk:1.4.2.3] AndroidManifest.xml:40:5-75
39-->[vox-cpaas:connectsdk:1.4.2.3] AndroidManifest.xml:40:22-72
40    <uses-permission android:name="android.permission.ACCESS_COARSE_LOCATION" />
40-->[vox-cpaas:connectsdk:1.4.2.3] AndroidManifest.xml:41:5-81
40-->[vox-cpaas:connectsdk:1.4.2.3] AndroidManifest.xml:41:22-78
41    <uses-permission android:name="android.permission.ACCESS_FINE_LOCATION" />
41-->[vox-cpaas:connectsdk:1.4.2.3] AndroidManifest.xml:42:5-79
41-->[vox-cpaas:connectsdk:1.4.2.3] AndroidManifest.xml:42:22-76
42
43    <uses-feature
43-->[com.google.android.gms:play-services-maps:16.1.0] AndroidManifest.xml:26:5-28:35
44        android:glEsVersion="0x00020000"
44-->[com.google.android.gms:play-services-maps:16.1.0] AndroidManifest.xml:27:9-41
45        android:required="true" /> <!-- Required by older versions of Google Play services to create IID tokens -->
45-->[com.google.android.gms:play-services-maps:16.1.0] AndroidManifest.xml:28:9-32
46    <uses-permission android:name="com.google.android.c2dm.permission.RECEIVE" />
46-->[com.google.firebase:firebase-iid:17.0.4] AndroidManifest.xml:26:5-82
46-->[com.google.firebase:firebase-iid:17.0.4] AndroidManifest.xml:26:22-79
47
48    <application
48-->src\main\AndroidManifest.xml:7:5-113:19
49        android:name="com.ca.app.App"
49-->[vox-cpaas:connectsdk:1.4.2.3] AndroidManifest.xml:46:9-38
50        android:allowBackup="false"
50-->src\main\AndroidManifest.xml:8:9-36
51        android:appComponentFactory="androidx.core.app.CoreComponentFactory"
51-->[androidx.core:core:1.0.0] AndroidManifest.xml:22:18-86
52        android:debuggable="true"
53        android:icon="@mipmap/ic_launcher"
53-->src\main\AndroidManifest.xml:9:9-43
54        android:label="@string/app_name"
54-->src\main\AndroidManifest.xml:10:9-41
55        android:largeHeap="true"
55-->[vox-cpaas:connectsdk:1.4.2.3] AndroidManifest.xml:48:9-33
56        android:roundIcon="@mipmap/ic_launcher_round"
56-->src\main\AndroidManifest.xml:11:9-54
57        android:supportsRtl="true"
57-->src\main\AndroidManifest.xml:12:9-35
58        android:testOnly="true"
59        android:theme="@style/AppTheme" >
59-->src\main\AndroidManifest.xml:13:9-40
60        <activity
60-->src\main\AndroidManifest.xml:15:9-22:20
61            android:name="com.ca.callsample.SplashActivity"
61-->src\main\AndroidManifest.xml:16:13-43
62            android:screenOrientation="portrait" >
62-->src\main\AndroidManifest.xml:17:13-49
63            <intent-filter>
63-->src\main\AndroidManifest.xml:18:13-21:29
64                <action android:name="android.intent.action.MAIN" />
64-->src\main\AndroidManifest.xml:19:17-69
64-->src\main\AndroidManifest.xml:19:25-66
65
66                <category android:name="android.intent.category.LAUNCHER" />
66-->src\main\AndroidManifest.xml:20:17-77
66-->src\main\AndroidManifest.xml:20:27-74
67            </intent-filter>
68        </activity>
69        <activity
69-->src\main\AndroidManifest.xml:23:9-27:51
70            android:name="com.ca.callsample.ActivationActivity"
70-->src\main\AndroidManifest.xml:24:13-64
71            android:configChanges="keyboardHidden|orientation|screenSize"
71-->src\main\AndroidManifest.xml:25:13-74
72            android:exported="false"
72-->src\main\AndroidManifest.xml:26:13-37
73            android:screenOrientation="portrait" />
73-->src\main\AndroidManifest.xml:27:13-49
74        <activity
74-->src\main\AndroidManifest.xml:28:9-34:15
75            android:name="com.ca.callsample.MainActivity"
75-->src\main\AndroidManifest.xml:29:13-58
76            android:configChanges="keyboardHidden|orientation|screenSize"
76-->src\main\AndroidManifest.xml:30:13-74
77            android:exported="false"
77-->src\main\AndroidManifest.xml:31:13-37
78            android:screenOrientation="portrait"
78-->src\main\AndroidManifest.xml:32:13-49
79            android:theme="@style/AppThemeNormal" />
79-->src\main\AndroidManifest.xml:33:13-50
80        <activity
80-->src\main\AndroidManifest.xml:35:9-38:51
81            android:name="com.ca.callsample.ShowUserLogActivity"
81-->src\main\AndroidManifest.xml:36:13-65
82            android:exported="false"
82-->src\main\AndroidManifest.xml:37:13-37
83            android:screenOrientation="portrait" />
83-->src\main\AndroidManifest.xml:38:13-49
84        <activity
84-->src\main\AndroidManifest.xml:39:9-43:51
85            android:name="com.ca.callsample.PlayNewAudioCallActivity"
85-->src\main\AndroidManifest.xml:40:13-70
86            android:configChanges="keyboardHidden|orientation|screenSize"
86-->src\main\AndroidManifest.xml:41:13-74
87            android:exported="false"
87-->src\main\AndroidManifest.xml:42:13-37
88            android:screenOrientation="portrait" />
88-->src\main\AndroidManifest.xml:43:13-49
89        <activity
89-->src\main\AndroidManifest.xml:44:9-47:39
90            android:name="com.ca.callsample.PlayNewVideoCallActivity"
90-->src\main\AndroidManifest.xml:45:13-70
91            android:configChanges="keyboardHidden|orientation|screenSize"
91-->src\main\AndroidManifest.xml:46:13-74
92            android:exported="false" />
92-->src\main\AndroidManifest.xml:47:13-37
93        <activity
93-->src\main\AndroidManifest.xml:48:9-52:51
94            android:name="com.ca.callsample.EmptyActivity"
94-->src\main\AndroidManifest.xml:49:13-59
95            android:configChanges="keyboardHidden|orientation|screenSize"
95-->src\main\AndroidManifest.xml:50:13-74
96            android:exported="false"
96-->src\main\AndroidManifest.xml:51:13-37
97            android:screenOrientation="portrait" />
97-->src\main\AndroidManifest.xml:52:13-49
98        <activity
98-->src\main\AndroidManifest.xml:53:9-58:51
99            android:name="com.ca.callsample.CallScreenActivity"
99-->src\main\AndroidManifest.xml:54:13-64
100            android:configChanges="keyboardHidden|orientation|screenSize"
100-->src\main\AndroidManifest.xml:55:13-74
101            android:exported="false"
101-->src\main\AndroidManifest.xml:56:13-37
102            android:screenOrientation="portrait"
102-->src\main\AndroidManifest.xml:58:13-49
103            android:theme="@style/AppThemeNormal" />
103-->src\main\AndroidManifest.xml:57:13-50
104        <activity
104-->src\main\AndroidManifest.xml:59:9-63:51
105            android:name="com.ca.callsample.LoginActivity"
105-->src\main\AndroidManifest.xml:60:13-59
106            android:configChanges="keyboardHidden|orientation|screenSize"
106-->src\main\AndroidManifest.xml:61:13-74
107            android:exported="false"
107-->src\main\AndroidManifest.xml:62:13-37
108            android:screenOrientation="portrait" />
108-->src\main\AndroidManifest.xml:63:13-49
109        <activity
109-->src\main\AndroidManifest.xml:64:9-68:51
110            android:name="com.ca.callsample.SignUpActivity"
110-->src\main\AndroidManifest.xml:65:13-60
111            android:configChanges="keyboardHidden|orientation|screenSize"
111-->src\main\AndroidManifest.xml:66:13-74
112            android:exported="false"
112-->src\main\AndroidManifest.xml:67:13-37
113            android:screenOrientation="portrait" />
113-->src\main\AndroidManifest.xml:68:13-49
114        <activity
114-->src\main\AndroidManifest.xml:69:9-71:51
115            android:name="com.ca.callsample.AboutActivity"
115-->src\main\AndroidManifest.xml:70:13-42
116            android:screenOrientation="portrait" />
116-->src\main\AndroidManifest.xml:71:13-49
117
118        <receiver
118-->src\main\AndroidManifest.xml:73:9-79:20
119            android:name="com.ca.receivers.CSCallMissed"
119-->src\main\AndroidManifest.xml:74:13-57
120            android:exported="false" >
120-->src\main\AndroidManifest.xml:75:13-37
121            <intent-filter>
121-->src\main\AndroidManifest.xml:76:13-78:29
122                <action android:name="CSCallMissed" />
122-->src\main\AndroidManifest.xml:77:17-55
122-->src\main\AndroidManifest.xml:77:25-52
123            </intent-filter>
124        </receiver>
125        <receiver
125-->src\main\AndroidManifest.xml:80:9-86:20
126            android:name="com.ca.receivers.CSUserJoined"
126-->src\main\AndroidManifest.xml:81:13-57
127            android:exported="false" >
127-->src\main\AndroidManifest.xml:82:13-37
128            <intent-filter>
128-->src\main\AndroidManifest.xml:83:13-85:29
129                <action android:name="CSUserJoined" />
129-->src\main\AndroidManifest.xml:84:17-55
129-->src\main\AndroidManifest.xml:84:25-52
130            </intent-filter>
131        </receiver>
132        <receiver android:name="com.ca.receivers.InComingCallHandlingReceiver" />
132-->src\main\AndroidManifest.xml:87:9-81
132-->src\main\AndroidManifest.xml:87:19-79
133        <receiver
133-->src\main\AndroidManifest.xml:88:9-94:20
134            android:name="com.ca.receivers.CSCallReceiver"
134-->src\main\AndroidManifest.xml:89:13-59
135            android:exported="false" >
135-->src\main\AndroidManifest.xml:90:13-37
136            <intent-filter>
136-->src\main\AndroidManifest.xml:91:13-93:29
137                <action android:name="CSCallReceiver" />
137-->src\main\AndroidManifest.xml:92:17-57
137-->src\main\AndroidManifest.xml:92:25-54
138            </intent-filter>
139        </receiver>
140        <!-- Fire base Notifications -->
141        <service android:name="com.ca.services.FireBaseMessagingService" >
141-->src\main\AndroidManifest.xml:96:9-100:19
141-->src\main\AndroidManifest.xml:96:18-73
142            <intent-filter>
142-->src\main\AndroidManifest.xml:97:13-99:29
143                <action android:name="com.google.firebase.MESSAGING_EVENT" />
143-->src\main\AndroidManifest.xml:98:17-78
143-->src\main\AndroidManifest.xml:98:25-75
144            </intent-filter>
145        </service>
146
147        <!--
148        <service android:name=".MyVpnService"
149            android:permission="android.permission.BIND_VPN_SERVICE">
150            <intent-filter>
151                <action android:name="android.net.VpnService"/>
152            </intent-filter>
153        </service>
154        -->
155
156        <receiver android:name="com.ca.receivers.MissedCallNotificationHandler" />
156-->src\main\AndroidManifest.xml:111:9-82
156-->src\main\AndroidManifest.xml:111:19-80
157        <!-- ./Fire base Notifications -->
158        <provider
158-->[vox-cpaas:connectsdk:1.4.2.3] AndroidManifest.xml:49:9-52:40
159            android:name="com.cacore.db.IAmLiveDataProvider"
159-->[vox-cpaas:connectsdk:1.4.2.3] AndroidManifest.xml:50:13-61
160            android:authorities="com.ca.callsample"
160-->[vox-cpaas:connectsdk:1.4.2.3] AndroidManifest.xml:51:13-51
161            android:exported="false" /> <!-- android:permission="${applicationId}.MYPERMISSION" -->
161-->[vox-cpaas:connectsdk:1.4.2.3] AndroidManifest.xml:52:13-37
162        <service
162-->[vox-cpaas:connectsdk:1.4.2.3] AndroidManifest.xml:54:9-57:66
163            android:name="com.cacore.services.CACommonService"
163-->[vox-cpaas:connectsdk:1.4.2.3] AndroidManifest.xml:55:13-63
164            android:exported="false"
164-->[vox-cpaas:connectsdk:1.4.2.3] AndroidManifest.xml:56:13-37
165            android:permission="com.ca.callsample.MYPERMISSION" />
165-->[vox-cpaas:connectsdk:1.4.2.3] AndroidManifest.xml:57:13-63
166        <service
166-->[vox-cpaas:connectsdk:1.4.2.3] AndroidManifest.xml:58:9-62:66
167            android:name="com.amazonaws.mobileconnectors.s3.transferutility.TransferService"
167-->[vox-cpaas:connectsdk:1.4.2.3] AndroidManifest.xml:59:13-93
168            android:enabled="true"
168-->[vox-cpaas:connectsdk:1.4.2.3] AndroidManifest.xml:60:13-35
169            android:exported="false"
169-->[vox-cpaas:connectsdk:1.4.2.3] AndroidManifest.xml:61:13-37
170            android:permission="com.ca.callsample.MYPERMISSION" />
170-->[vox-cpaas:connectsdk:1.4.2.3] AndroidManifest.xml:62:13-63
171        <!--
172        <service
173            android:name="com.example.services.MyFirebaseMessagingService">
174            <intent-filter>
175                <action android:name="com.google.firebase.MESSAGING_EVENT"/>
176            </intent-filter>
177        </service>
178        <service
179            android:name="com.example.services.MyFirebaseInstanceIDService">
180            <intent-filter>
181                <action android:name="com.google.firebase.INSTANCE_ID_EVENT"/>
182            </intent-filter>
183        </service>
184        -->
185        <!--
186        <receiver android:permission="${applicationId}.MYPERMISSION"
187            android:name="com.example.receivers.RestartSlaveService"
188            android:exported="false">
189            <intent-filter>
190                <action
191                    android:name="com.ca.iamliverestartservice"
192                     />
193                <action android:name="android.intent.action.BOOT_COMPLETED" />
194            </intent-filter>
195        </receiver>
196
197        <receiver android:permission="${applicationId}.MYPERMISSION"
198            android:name="com.example.receivers.AwsDownloadStatusReceiver"
199            android:exported="false">
200            <intent-filter>
201                <action
202                    android:name="AwsDownloadStatusReceiver"
203                     />
204            </intent-filter>
205        </receiver>
206        -->
207        <receiver
207-->[vox-cpaas:connectsdk:1.4.2.3] AndroidManifest.xml:103:9-110:20
208            android:name="com.cacore.receivers.MyReceiver"
208-->[vox-cpaas:connectsdk:1.4.2.3] AndroidManifest.xml:104:13-59
209            android:exported="false"
209-->[vox-cpaas:connectsdk:1.4.2.3] AndroidManifest.xml:105:13-37
210            android:permission="com.ca.callsample.MYPERMISSION" >
210-->[vox-cpaas:connectsdk:1.4.2.3] AndroidManifest.xml:106:13-63
211            <intent-filter>
211-->[vox-cpaas:connectsdk:1.4.2.3] AndroidManifest.xml:107:13-109:29
212                <action android:name="MyReceiver" />
212-->[vox-cpaas:connectsdk:1.4.2.3] AndroidManifest.xml:108:17-53
212-->[vox-cpaas:connectsdk:1.4.2.3] AndroidManifest.xml:108:25-50
213            </intent-filter>
214        </receiver>
215        <receiver
215-->[vox-cpaas:connectsdk:1.4.2.3] AndroidManifest.xml:111:9-119:20
216            android:name="com.cacore.receivers.TimeChangeedReceiver"
216-->[vox-cpaas:connectsdk:1.4.2.3] AndroidManifest.xml:112:13-69
217            android:exported="false"
217-->[vox-cpaas:connectsdk:1.4.2.3] AndroidManifest.xml:113:13-37
218            android:permission="com.ca.callsample.MYPERMISSION" >
218-->[vox-cpaas:connectsdk:1.4.2.3] AndroidManifest.xml:114:13-63
219            <intent-filter>
219-->[vox-cpaas:connectsdk:1.4.2.3] AndroidManifest.xml:115:13-118:29
220                <action android:name="android.intent.action.TIMEZONE_CHANGED" />
220-->[vox-cpaas:connectsdk:1.4.2.3] AndroidManifest.xml:116:17-81
220-->[vox-cpaas:connectsdk:1.4.2.3] AndroidManifest.xml:116:25-78
221                <action android:name="android.intent.action.TIME_SET" />
221-->[vox-cpaas:connectsdk:1.4.2.3] AndroidManifest.xml:117:17-73
221-->[vox-cpaas:connectsdk:1.4.2.3] AndroidManifest.xml:117:25-70
222            </intent-filter>
223        </receiver>
224        <receiver
224-->[vox-cpaas:connectsdk:1.4.2.3] AndroidManifest.xml:120:9-129:20
225            android:name="com.cacore.receivers.NWMonitor"
225-->[vox-cpaas:connectsdk:1.4.2.3] AndroidManifest.xml:121:13-58
226            android:exported="false"
226-->[vox-cpaas:connectsdk:1.4.2.3] AndroidManifest.xml:122:13-37
227            android:permission="com.ca.callsample.MYPERMISSION" >
227-->[vox-cpaas:connectsdk:1.4.2.3] AndroidManifest.xml:123:13-63
228            <intent-filter>
228-->[vox-cpaas:connectsdk:1.4.2.3] AndroidManifest.xml:124:13-128:29
229
230                <!-- <action android:name="android.net.conn.CONNECTIVITY_CHANGE"/> -->
231                <action android:name="com.ca.iamlivenetworkerror" />
231-->[vox-cpaas:connectsdk:1.4.2.3] AndroidManifest.xml:127:17-69
231-->[vox-cpaas:connectsdk:1.4.2.3] AndroidManifest.xml:127:25-66
232            </intent-filter>
233        </receiver>
234        <!--
235             FirebaseMessagingService performs security checks at runtime,
236             no need for explicit permissions despite exported="true"
237        -->
238        <service
238-->[com.google.firebase:firebase-messaging:17.3.4] AndroidManifest.xml:28:9-34:19
239            android:name="com.google.firebase.messaging.FirebaseMessagingService"
239-->[com.google.firebase:firebase-messaging:17.3.4] AndroidManifest.xml:29:13-82
240            android:exported="true" >
240-->[com.google.firebase:firebase-messaging:17.3.4] AndroidManifest.xml:30:13-36
241            <intent-filter android:priority="-500" >
241-->src\main\AndroidManifest.xml:97:13-99:29
242                <action android:name="com.google.firebase.MESSAGING_EVENT" />
242-->src\main\AndroidManifest.xml:98:17-78
242-->src\main\AndroidManifest.xml:98:25-75
243            </intent-filter>
244        </service> <!-- Needs to be explicitly declared on P+ -->
245        <uses-library
245-->[com.google.android.gms:play-services-maps:16.1.0] AndroidManifest.xml:33:9-35:40
246            android:name="org.apache.http.legacy"
246-->[com.google.android.gms:play-services-maps:16.1.0] AndroidManifest.xml:34:13-50
247            android:required="false" />
247-->[com.google.android.gms:play-services-maps:16.1.0] AndroidManifest.xml:35:13-37
248
249        <service
249-->[com.google.firebase:firebase-iid:17.0.4] AndroidManifest.xml:29:9-35:19
250            android:name="com.google.firebase.components.ComponentDiscoveryService"
250-->[com.google.firebase:firebase-iid:17.0.4] AndroidManifest.xml:30:13-84
251            android:exported="false" >
251-->[com.google.firebase:firebase-iid:17.0.4] AndroidManifest.xml:31:13-37
252            <meta-data
252-->[com.google.firebase:firebase-iid:17.0.4] AndroidManifest.xml:32:13-34:85
253                android:name="com.google.firebase.components:com.google.firebase.iid.Registrar"
253-->[com.google.firebase:firebase-iid:17.0.4] AndroidManifest.xml:33:17-96
254                android:value="com.google.firebase.components.ComponentRegistrar" />
254-->[com.google.firebase:firebase-iid:17.0.4] AndroidManifest.xml:34:17-82
255        </service>
256
257        <receiver
257-->[com.google.firebase:firebase-iid:17.0.4] AndroidManifest.xml:37:9-44:20
258            android:name="com.google.firebase.iid.FirebaseInstanceIdReceiver"
258-->[com.google.firebase:firebase-iid:17.0.4] AndroidManifest.xml:38:13-78
259            android:exported="true"
259-->[com.google.firebase:firebase-iid:17.0.4] AndroidManifest.xml:39:13-36
260            android:permission="com.google.android.c2dm.permission.SEND" >
260-->[com.google.firebase:firebase-iid:17.0.4] AndroidManifest.xml:40:13-73
261            <intent-filter>
261-->[com.google.firebase:firebase-iid:17.0.4] AndroidManifest.xml:41:13-43:29
262                <action android:name="com.google.android.c2dm.intent.RECEIVE" />
262-->[com.google.firebase:firebase-iid:17.0.4] AndroidManifest.xml:42:17-81
262-->[com.google.firebase:firebase-iid:17.0.4] AndroidManifest.xml:42:25-78
263            </intent-filter>
264        </receiver>
265        <!--
266             FirebaseInstanceIdService performs security checks at runtime,
267             no need for explicit permissions despite exported="true"
268        -->
269        <service
269-->[com.google.firebase:firebase-iid:17.0.4] AndroidManifest.xml:50:9-56:19
270            android:name="com.google.firebase.iid.FirebaseInstanceIdService"
270-->[com.google.firebase:firebase-iid:17.0.4] AndroidManifest.xml:51:13-77
271            android:exported="true" >
271-->[com.google.firebase:firebase-iid:17.0.4] AndroidManifest.xml:52:13-36
272            <intent-filter android:priority="-500" >
272-->[com.google.firebase:firebase-iid:17.0.4] AndroidManifest.xml:53:13-55:29
272-->[com.google.firebase:firebase-iid:17.0.4] AndroidManifest.xml:53:28-51
273                <action android:name="com.google.firebase.INSTANCE_ID_EVENT" />
273-->[com.google.firebase:firebase-iid:17.0.4] AndroidManifest.xml:54:17-80
273-->[com.google.firebase:firebase-iid:17.0.4] AndroidManifest.xml:54:25-77
274            </intent-filter>
275        </service>
276
277        <provider
277-->[com.google.firebase:firebase-common:16.0.3] AndroidManifest.xml:10:9-14:39
278            android:name="com.google.firebase.provider.FirebaseInitProvider"
278-->[com.google.firebase:firebase-common:16.0.3] AndroidManifest.xml:11:13-77
279            android:authorities="com.ca.callsample.firebaseinitprovider"
279-->[com.google.firebase:firebase-common:16.0.3] AndroidManifest.xml:12:13-72
280            android:exported="false"
280-->[com.google.firebase:firebase-common:16.0.3] AndroidManifest.xml:13:13-37
281            android:initOrder="100" />
281-->[com.google.firebase:firebase-common:16.0.3] AndroidManifest.xml:14:13-36
282
283        <activity
283-->[com.google.android.gms:play-services-base:16.0.1] AndroidManifest.xml:23:9-26:75
284            android:name="com.google.android.gms.common.api.GoogleApiActivity"
284-->[com.google.android.gms:play-services-base:16.0.1] AndroidManifest.xml:24:13-79
285            android:exported="false"
285-->[com.google.android.gms:play-services-base:16.0.1] AndroidManifest.xml:25:13-37
286            android:theme="@android:style/Theme.Translucent.NoTitleBar" />
286-->[com.google.android.gms:play-services-base:16.0.1] AndroidManifest.xml:26:13-72
287
288        <meta-data
288-->[com.google.android.gms:play-services-basement:16.0.1] AndroidManifest.xml:23:9-25:69
289            android:name="com.google.android.gms.version"
289-->[com.google.android.gms:play-services-basement:16.0.1] AndroidManifest.xml:24:13-58
290            android:value="@integer/google_play_services_version" />
290-->[com.google.android.gms:play-services-basement:16.0.1] AndroidManifest.xml:25:13-66
291    </application>
292
293</manifest>